[29Mar2025 00:22:26.654] [Server thread/WARN] [net.minecraft.server.level.ServerPlayerGameMode/]: Mismatch in destroy block pos: BlockPos{x=-9, y=-59, z=-223} BlockPos{x=-9, y=-60, z=-222}
[29Mar2025 00:37:07.855] [Server thread/WARN] [net.minecraft.server.network.ServerGamePacketListenerImpl/]: sergiosssssss moved too quickly! 0.07515578764130026,0.41999998688697815,10.311562746352536
[29Mar2025 00:53:57.251] [Server thread/INFO] [net.minecraft.server.network.ServerGamePacketListenerImpl/]: sergiosssssss lost connection: Disconnected
[29Mar2025 00:53:57.252] [Server thread/INFO] [net.minecraft.server.MinecraftServer/]: sergiosssssss left the game
[29Mar2025 01:02:37.388] [Server thread/INFO] [net.minecraft.server.players.PlayerList/]: caradesalchicha[/127.54.255.13:35601] logged in with entity id 14518 at (-48.78977665100886, 49.53584062504456, -4.845212003578926)
[29Mar2025 01:02:37.476] [Server thread/INFO] [net.minecraft.server.MinecraftServer/]: caradesalchicha joined the game
[29Mar2025 01:02:37.573] [Server thread/INFO] [Jade/]: Syncing config to caradesalchicha (0f0dd075-1636-3714-8009-cf564762cfd5)
[29Mar2025 01:03:33.503] [Server thread/INFO] [net.minecraft.server.network.ServerGamePacketListenerImpl/]: caradesalchicha lost connection: Disconnected
[29Mar2025 01:03:33.504] [Server thread/INFO] [net.minecraft.server.MinecraftServer/]: caradesalchicha left the game
[29Mar2025 01:03:41.456] [Server thread/INFO] [net.minecraft.server.MinecraftServer/]: Stopping the server
[29Mar2025 01:03:41.475] [Server thread/INFO] [net.minecraft.server.MinecraftServer/]: Stopping server
[29Mar2025 01:03:41.489] [Server thread/INFO] [net.minecraft.server.MinecraftServer/]: Saving players
[29Mar2025 01:03:41.490] [Server thread/INFO] [net.minecraft.server.MinecraftServer/]: Saving worlds
[29Mar2025 01:03:41.709] [Server thread/INFO] [net.minecraft.server.MinecraftServer/]: Saving chunks for level 'ServerLevel[world]'/minecraft:overworld
[29Mar2025 01:03:41.983] [Server thread/INFO] [net.minecraft.server.MinecraftServer/]: Saving chunks for level 'ServerLevel[world]'/minecraft:the_nether
[29Mar2025 01:03:41.985] [Server thread/INFO] [net.minecraft.server.MinecraftServer/]: Saving chunks for level 'ServerLevel[world]'/faded_conquest_2:the_abyss
[29Mar2025 01:03:41.987] [Server thread/INFO] [net.minecraft.server.MinecraftServer/]: Saving chunks for level 'ServerLevel[world]'/minecraft:the_end
[29Mar2025 01:03:41.988] [Server thread/INFO] [net.minecraft.server.MinecraftServer/]: Saving chunks for level 'ServerLevel[world]'/twilightforest:twilight_forest
[29Mar2025 01:03:41.989] [Server thread/INFO] [net.minecraft.server.MinecraftServer/]: Saving chunks for level 'ServerLevel[world]'/faded_conquest_2:the_mirror_realm
[29Mar2025 01:03:42.031] [Server thread/INFO] [net.minecraft.server.MinecraftServer/]: ThreadedAnvilChunkStorage (world): All chunks are saved
[29Mar2025 01:03:42.032] [Server thread/INFO] [net.minecraft.server.MinecraftServer/]: ThreadedAnvilChunkStorage (DIM-1): All chunks are saved
[29Mar2025 01:03:42.032] [Server thread/INFO] [net.minecraft.server.MinecraftServer/]: ThreadedAnvilChunkStorage (the_abyss): All chunks are saved
[29Mar2025 01:03:42.033] [Server thread/INFO] [net.minecraft.server.MinecraftServer/]: ThreadedAnvilChunkStorage (DIM1): All chunks are saved
[29Mar2025 01:03:42.033] [Server thread/INFO] [net.minecraft.server.MinecraftServer/]: ThreadedAnvilChunkStorage (twilight_forest): All chunks are saved
[29Mar2025 01:03:42.033] [Server thread/INFO] [net.minecraft.server.MinecraftServer/]: ThreadedAnvilChunkStorage (the_mirror_realm): All chunks are saved
[29Mar2025 01:03:42.034] [Server thread/INFO] [net.minecraft.server.MinecraftServer/]: ThreadedAnvilChunkStorage: All dimensions are saved
[29Mar2025 01:03:42.057] [Server thread/INFO] [journeymap/]: Loading JourneyMap Forge Configs
